Content-Type: multipart/alternative;
 boundary="===============3679030645490658152=="
MIME-Version: 1.0
Subject: Profile activation
From: test@example.com
To: asdjgnasoigo@gmasil.com
Date: Thu, 30 Mar 2023 18:17:19 -0000
Message-ID: <168020023956.9464.14315608535800948052@Happy>

--===============3679030645490658152==
Content-Type: text/plain; charset="utf-8"
MIME-Version: 1.0
Content-Transfer-Encoding: 7bit



To activate your profile, please follow this link:

http://127.0.0.1:8000/accounts/activate/qanZ8ecB11ExBAn8imeM/

--===============3679030645490658152==
Content-Type: text/html; charset="utf-8"
MIME-Version: 1.0
Content-Transfer-Encoding: 7bit



<!DOCTYPE html PUBLIC "-//W3C//DTD XHTML 1.0 Transitional//EN"
        "http://www.w3.org/TR/xhtml1/DTD/xhtml1-transitional.dtd">
<html xmlns="http://www.w3.org/1999/xhtml">
<head>
    <meta http-equiv="Content-Type" content="text/html; charset=UTF-8"/>
    <title>Profile activation</title>
    <meta name="viewport" content="width=device-width, initial-scale=1.0"/>
</head>

<body>

<p>
    To activate your profile, please follow this link:
</p>

<p>
    <a href="http://127.0.0.1:8000/accounts/activate/qanZ8ecB11ExBAn8imeM/">http://127.0.0.1:8000/accounts/activate/qanZ8ecB11ExBAn8imeM/</a>
</p>

</body>

</html>

--===============3679030645490658152==--

-------------------------------------------------------------------------------
