Content-Type: multipart/alternative;
 boundary="===============1574738169166416436=="
MIME-Version: 1.0
Subject: Restore password
From: test@example.com
To: electrochaser26@gmail.com
Date: Thu, 30 Mar 2023 18:52:45 -0000
Message-ID: <168020236582.22064.8226087959140411718@Happy>

--===============1574738169166416436==
Content-Type: text/plain; charset="utf-8"
MIME-Version: 1.0
Content-Transfer-Encoding: 7bit



You received this email because you requested a password reset for your user account.

Please, go to the following page and choose a new password:

http://127.0.0.1:8000/accounts/restore/Mg/blwh1x-f8c1f7fcfb2628faf0c7c32939dae1ac/

--===============1574738169166416436==
Content-Type: text/html; charset="utf-8"
MIME-Version: 1.0
Content-Transfer-Encoding: 7bit



<!DOCTYPE html PUBLIC "-//W3C//DTD XHTML 1.0 Transitional//EN"
        "http://www.w3.org/TR/xhtml1/DTD/xhtml1-transitional.dtd">
<html xmlns="http://www.w3.org/1999/xhtml">
<head>
    <meta http-equiv="Content-Type" content="text/html; charset=UTF-8"/>
    <title>Restore password</title>
    <meta name="viewport" content="width=device-width, initial-scale=1.0"/>
</head>

<body>

<p>
    You received this email because you requested a password reset for your user account.
</p>

<p>
    Please, go to the following page and choose a new password:
</p>

<p>
    <a href="http://127.0.0.1:8000/accounts/restore/Mg/blwh1x-f8c1f7fcfb2628faf0c7c32939dae1ac/">http://127.0.0.1:8000/accounts/restore/Mg/blwh1x-f8c1f7fcfb2628faf0c7c32939dae1ac/</a>
</p>

</body>

</html>

--===============1574738169166416436==--

-------------------------------------------------------------------------------
