Content-Type: multipart/alternative;
 boundary="===============4430112436524910109=="
MIME-Version: 1.0
Subject: Change email
From: test@example.com
To: sheltersearch7@gmail.com
Date: Tue, 28 Mar 2023 08:49:02 -0000
Message-ID: <167999334254.18276.12234410244802122045@Happy>

--===============4430112436524910109==
Content-Type: text/plain; charset="utf-8"
MIME-Version: 1.0
Content-Transfer-Encoding: 7bit



To change your current email address, please follow the link:

http://127.0.0.1:8000/accounts/change/email/9TvpdbxJXARXDBiKJqhT/

--===============4430112436524910109==
Content-Type: text/html; charset="utf-8"
MIME-Version: 1.0
Content-Transfer-Encoding: 7bit



<!DOCTYPE html PUBLIC "-//W3C//DTD XHTML 1.0 Transitional//EN"
        "http://www.w3.org/TR/xhtml1/DTD/xhtml1-transitional.dtd">
<html xmlns="http://www.w3.org/1999/xhtml">
<head>
    <meta http-equiv="Content-Type" content="text/html; charset=UTF-8"/>
    <title>Change email</title>
    <meta name="viewport" content="width=device-width, initial-scale=1.0"/>
</head>

<body>

<p>
    To change your current email address, please follow the link:
</p>

<p>
    <a href="http://127.0.0.1:8000/accounts/change/email/9TvpdbxJXARXDBiKJqhT/">http://127.0.0.1:8000/accounts/change/email/9TvpdbxJXARXDBiKJqhT/</a>
</p>

</body>

</html>

--===============4430112436524910109==--

-------------------------------------------------------------------------------
