Content-Type: multipart/alternative;
 boundary="===============2864258515493286106=="
MIME-Version: 1.0
Subject: Profile activation
From: test@example.com
To: ft3wa3@gam.com
Date: Sat, 01 Apr 2023 09:42:52 -0000
Message-ID: <168034217235.20260.9562666450248496390@Happy>

--===============2864258515493286106==
Content-Type: text/plain; charset="utf-8"
MIME-Version: 1.0
Content-Transfer-Encoding: 7bit



To activate your profile, please follow this link:

http://127.0.0.1:8000/accounts/activate/yJ7jNbGRgRY7DLLjXth0/

--===============2864258515493286106==
Content-Type: text/html; charset="utf-8"
MIME-Version: 1.0
Content-Transfer-Encoding: 7bit



<!DOCTYPE html PUBLIC "-//W3C//DTD XHTML 1.0 Transitional//EN"
        "http://www.w3.org/TR/xhtml1/DTD/xhtml1-transitional.dtd">
<html xmlns="http://www.w3.org/1999/xhtml">
<head>
    <meta http-equiv="Content-Type" content="text/html; charset=UTF-8"/>
    <title>Profile activation</title>
    <meta name="viewport" content="width=device-width, initial-scale=1.0"/>
</head>

<body>

<p>
    To activate your profile, please follow this link:
</p>

<p>
    <a href="http://127.0.0.1:8000/accounts/activate/yJ7jNbGRgRY7DLLjXth0/">http://127.0.0.1:8000/accounts/activate/yJ7jNbGRgRY7DLLjXth0/</a>
</p>

</body>

</html>

--===============2864258515493286106==--

-------------------------------------------------------------------------------
