Content-Type: multipart/alternative;
 boundary="===============4013082626376383969=="
MIME-Version: 1.0
Subject: Profile activation
From: test@example.com
To: asidnasig@naginga.com
Date: Thu, 30 Mar 2023 06:40:42 -0000
Message-ID: <168015844210.20144.6147923078065914031@Happy>

--===============4013082626376383969==
Content-Type: text/plain; charset="utf-8"
MIME-Version: 1.0
Content-Transfer-Encoding: 7bit



To activate your profile, please follow this link:

http://127.0.0.1:8000/accounts/activate/CgwBhjhWAAFftbgVjRCa/

--===============4013082626376383969==
Content-Type: text/html; charset="utf-8"
MIME-Version: 1.0
Content-Transfer-Encoding: 7bit



<!DOCTYPE html PUBLIC "-//W3C//DTD XHTML 1.0 Transitional//EN"
        "http://www.w3.org/TR/xhtml1/DTD/xhtml1-transitional.dtd">
<html xmlns="http://www.w3.org/1999/xhtml">
<head>
    <meta http-equiv="Content-Type" content="text/html; charset=UTF-8"/>
    <title>Profile activation</title>
    <meta name="viewport" content="width=device-width, initial-scale=1.0"/>
</head>

<body>

<p>
    To activate your profile, please follow this link:
</p>

<p>
    <a href="http://127.0.0.1:8000/accounts/activate/CgwBhjhWAAFftbgVjRCa/">http://127.0.0.1:8000/accounts/activate/CgwBhjhWAAFftbgVjRCa/</a>
</p>

</body>

</html>

--===============4013082626376383969==--

-------------------------------------------------------------------------------
