Content-Type: multipart/alternative;
 boundary="===============4048427577449811822=="
MIME-Version: 1.0
Subject: Profile activation
From: test@example.com
To: electrochaser26@gmail.com
Date: Mon, 27 Mar 2023 17:31:02 -0000
Message-ID: <167993826205.8064.11069739512510652959@Happy>

--===============4048427577449811822==
Content-Type: text/plain; charset="utf-8"
MIME-Version: 1.0
Content-Transfer-Encoding: 7bit



To activate your profile, please follow this link:

http://127.0.0.1:8000/accounts/activate/l8ISzRLQWIbjGe3xCUDs/

--===============4048427577449811822==
Content-Type: text/html; charset="utf-8"
MIME-Version: 1.0
Content-Transfer-Encoding: 7bit



<!DOCTYPE html PUBLIC "-//W3C//DTD XHTML 1.0 Transitional//EN"
        "http://www.w3.org/TR/xhtml1/DTD/xhtml1-transitional.dtd">
<html xmlns="http://www.w3.org/1999/xhtml">
<head>
    <meta http-equiv="Content-Type" content="text/html; charset=UTF-8"/>
    <title>Profile activation</title>
    <meta name="viewport" content="width=device-width, initial-scale=1.0"/>
</head>

<body>

<p>
    To activate your profile, please follow this link:
</p>

<p>
    <a href="http://127.0.0.1:8000/accounts/activate/l8ISzRLQWIbjGe3xCUDs/">http://127.0.0.1:8000/accounts/activate/l8ISzRLQWIbjGe3xCUDs/</a>
</p>

</body>

</html>

--===============4048427577449811822==--

-------------------------------------------------------------------------------
