Content-Type: multipart/alternative;
 boundary="===============5126227833027659864=="
MIME-Version: 1.0
Subject: Profile activation
From: test@example.com
To: sheltersearch7@gmail.com
Date: Thu, 30 Mar 2023 09:02:41 -0000
Message-ID: <168016696167.10176.6316578787333691115@Happy>

--===============5126227833027659864==
Content-Type: text/plain; charset="utf-8"
MIME-Version: 1.0
Content-Transfer-Encoding: 7bit



To activate your profile, please follow this link:

http://127.0.0.1:8000/accounts/activate/VJY84NZy19tNb3zDUlrM/

--===============5126227833027659864==
Content-Type: text/html; charset="utf-8"
MIME-Version: 1.0
Content-Transfer-Encoding: 7bit



<!DOCTYPE html PUBLIC "-//W3C//DTD XHTML 1.0 Transitional//EN"
        "http://www.w3.org/TR/xhtml1/DTD/xhtml1-transitional.dtd">
<html xmlns="http://www.w3.org/1999/xhtml">
<head>
    <meta http-equiv="Content-Type" content="text/html; charset=UTF-8"/>
    <title>Profile activation</title>
    <meta name="viewport" content="width=device-width, initial-scale=1.0"/>
</head>

<body>

<p>
    To activate your profile, please follow this link:
</p>

<p>
    <a href="http://127.0.0.1:8000/accounts/activate/VJY84NZy19tNb3zDUlrM/">http://127.0.0.1:8000/accounts/activate/VJY84NZy19tNb3zDUlrM/</a>
</p>

</body>

</html>

--===============5126227833027659864==--

-------------------------------------------------------------------------------
