Content-Type: multipart/alternative;
 boundary="===============8716280106789727324=="
MIME-Version: 1.0
Subject: Profile activation
From: test@example.com
To: argoianrgiao@ganog.com
Date: Thu, 30 Mar 2023 06:41:26 -0000
Message-ID: <168015848639.10176.3702120678090777581@Happy>

--===============8716280106789727324==
Content-Type: text/plain; charset="utf-8"
MIME-Version: 1.0
Content-Transfer-Encoding: 7bit



To activate your profile, please follow this link:

http://127.0.0.1:8000/accounts/activate/ECcVQfdr8ef0fKiydM1I/

--===============8716280106789727324==
Content-Type: text/html; charset="utf-8"
MIME-Version: 1.0
Content-Transfer-Encoding: 7bit



<!DOCTYPE html PUBLIC "-//W3C//DTD XHTML 1.0 Transitional//EN"
        "http://www.w3.org/TR/xhtml1/DTD/xhtml1-transitional.dtd">
<html xmlns="http://www.w3.org/1999/xhtml">
<head>
    <meta http-equiv="Content-Type" content="text/html; charset=UTF-8"/>
    <title>Profile activation</title>
    <meta name="viewport" content="width=device-width, initial-scale=1.0"/>
</head>

<body>

<p>
    To activate your profile, please follow this link:
</p>

<p>
    <a href="http://127.0.0.1:8000/accounts/activate/ECcVQfdr8ef0fKiydM1I/">http://127.0.0.1:8000/accounts/activate/ECcVQfdr8ef0fKiydM1I/</a>
</p>

</body>

</html>

--===============8716280106789727324==--

-------------------------------------------------------------------------------
